<?xml version="1.0" encoding="UTF-8"?>
<testsuite name="testScheduler.EventCreateTest" tests="1" skipped="0" failures="0" errors="0" timestamp="2021-08-31T17:49:57" hostname="DESKTOP-V8HD5F2" time="50.682">
  <properties/>
  <testcase name="eventCreationTest" classname="testScheduler.EventCreateTest" time="50.682"/>
  <system-out><![CDATA[]]></system-out>
  <system-err><![CDATA[]]></system-err>
</testsuite>
